WARNING: [2020-12-04 08:41:28,544] Sorry, /Users/ciwwwnd/Desktop/validation_json/task_folder/event/a95d845c-8d9e-4e07-8948-275167643a40.json cannot be valid json file.
WARNING: [2020-12-04 08:41:28,545] Sorry, /Users/ciwwwnd/Desktop/validation_json/task_folder/event/29f0bfa7-bd51-4d45-93be-f6ead1ae0b96.json cannot be valid json file.
WARNING: [2020-12-04 08:41:28,559] Event /Users/ciwwwnd/Desktop/validation_json/task_folder/event/3ade063d-d1b9-453f-85b4-dda7bfda4711.json is not validated by /Users/ciwwwnd/Desktop/validation_json/task_folder/schema/sleep_created.schema. The main reason: 'source' is a required property.
WARNING: [2020-12-04 08:41:28,560] Event /Users/ciwwwnd/Desktop/validation_json/task_folder/event/f5656ff6-29e1-46b0-8d8a-ff77f9cc0953.json is not validated by /Users/ciwwwnd/Desktop/validation_json/task_folder/schema/sleep_created.schema. The main reason: 'source' is a required property.
WARNING: [2020-12-04 08:41:28,562] Event /Users/ciwwwnd/Desktop/validation_json/task_folder/event/fb1a0854-9535-404d-9bdd-9ec0abb6cd6c.json is not validated by /Users/ciwwwnd/Desktop/validation_json/task_folder/schema/sleep_created.schema. The main reason: 'source' is a required property.
WARNING: [2020-12-04 08:41:28,564] Event /Users/ciwwwnd/Desktop/validation_json/task_folder/event/bb998113-bc02-4cd1-9410-d9ae94f53eb0.json is not validated by /Users/ciwwwnd/Desktop/validation_json/task_folder/schema/sleep_created.schema. The main reason: 'source' is a required property.
WARNING: [2020-12-04 08:41:28,565] Event /Users/ciwwwnd/Desktop/validation_json/task_folder/event/2e8ffd3c-dbda-42df-9901-b7a30869511a.json is not validated by /Users/ciwwwnd/Desktop/validation_json/task_folder/schema/sleep_created.schema. The main reason: 'source' is a required property.
WARNING: [2020-12-04 08:41:28,566] Event /Users/ciwwwnd/Desktop/validation_json/task_folder/event/6b1984e5-4092-4279-9dce-bdaa831c7932.json is not validated by /Users/ciwwwnd/Desktop/validation_json/task_folder/schema/sleep_created.schema. The main reason: 'source' is a required property.
WARNING: [2020-12-04 08:41:28,568] Event /Users/ciwwwnd/Desktop/validation_json/task_folder/event/e2d760c3-7e10-4464-ab22-7fda6b5e2562.json is not validated by /Users/ciwwwnd/Desktop/validation_json/task_folder/schema/sleep_created.schema. The main reason: 'source' is a required property.
WARNING: [2020-12-04 08:41:28,569] Event /Users/ciwwwnd/Desktop/validation_json/task_folder/event/c72d21cf-1152-4d8e-b649-e198149d5bbb.json is not validated by /Users/ciwwwnd/Desktop/validation_json/task_folder/schema/sleep_created.schema. The main reason: 'source' is a required property.
WARNING: [2020-12-04 08:41:28,570] Event /Users/ciwwwnd/Desktop/validation_json/task_folder/event/cc07e442-7986-4714-8fc2-ac2256690a90.json is not validated by /Users/ciwwwnd/Desktop/validation_json/task_folder/schema/sleep_created.schema. The main reason: 'source' is a required property.
WARNING: [2020-12-04 08:41:28,572] Event /Users/ciwwwnd/Desktop/validation_json/task_folder/event/ba25151c-914f-4f47-909a-7a65a6339f34.json is not validated by /Users/ciwwwnd/Desktop/validation_json/task_folder/schema/sleep_created.schema. The main reason: 'source' is a required property.
WARNING: [2020-12-04 08:41:28,573] Event /Users/ciwwwnd/Desktop/validation_json/task_folder/event/297e4dc6-07d1-420d-a5ae-e4aff3aedc19.json is not validated by /Users/ciwwwnd/Desktop/validation_json/task_folder/schema/sleep_created.schema. The main reason: 'source' is a required property.
WARNING: [2020-12-04 08:41:28,574] Event /Users/ciwwwnd/Desktop/validation_json/task_folder/event/ffe6b214-d543-40a8-8da3-deb0dc5bbd8c.json is not validated by /Users/ciwwwnd/Desktop/validation_json/task_folder/schema/sleep_created.schema. The main reason: 'source' is a required property.
WARNING: [2020-12-04 08:41:28,575] Event /Users/ciwwwnd/Desktop/validation_json/task_folder/event/1eba2aa1-2acf-460d-91e6-55a8c3e3b7a3.json is not validated by /Users/ciwwwnd/Desktop/validation_json/task_folder/schema/sleep_created.schema. The main reason: 'source' is a required property.
WARNING: [2020-12-04 08:41:28,577] Event /Users/ciwwwnd/Desktop/validation_json/task_folder/event/3b4088ef-7521-4114-ac56-57c68632d431.json is not validated by /Users/ciwwwnd/Desktop/validation_json/task_folder/schema/sleep_created.schema. The main reason: 'source' is a required property.
WARNING: [2020-12-04 08:41:28,578] Event /Users/ciwwwnd/Desktop/validation_json/task_folder/event/3ade063d-d1b9-453f-85b4-dda7bfda4711.json is not validated by /Users/ciwwwnd/Desktop/validation_json/task_folder/schema/label_selected.schema. The main reason: 'labels' is a required property.
WARNING: [2020-12-04 08:41:28,580] Event /Users/ciwwwnd/Desktop/validation_json/task_folder/event/f5656ff6-29e1-46b0-8d8a-ff77f9cc0953.json is not validated by /Users/ciwwwnd/Desktop/validation_json/task_folder/schema/label_selected.schema. The main reason: 'labels' is a required property.
WARNING: [2020-12-04 08:41:28,581] Event /Users/ciwwwnd/Desktop/validation_json/task_folder/event/fb1a0854-9535-404d-9bdd-9ec0abb6cd6c.json is not validated by /Users/ciwwwnd/Desktop/validation_json/task_folder/schema/label_selected.schema. The main reason: 'labels' is a required property.
WARNING: [2020-12-04 08:41:28,583] Event /Users/ciwwwnd/Desktop/validation_json/task_folder/event/bb998113-bc02-4cd1-9410-d9ae94f53eb0.json is not validated by /Users/ciwwwnd/Desktop/validation_json/task_folder/schema/label_selected.schema. The main reason: 'labels' is a required property.
WARNING: [2020-12-04 08:41:28,584] Event /Users/ciwwwnd/Desktop/validation_json/task_folder/event/2e8ffd3c-dbda-42df-9901-b7a30869511a.json is not validated by /Users/ciwwwnd/Desktop/validation_json/task_folder/schema/label_selected.schema. The main reason: 'labels' is a required property.
WARNING: [2020-12-04 08:41:28,586] Event /Users/ciwwwnd/Desktop/validation_json/task_folder/event/6b1984e5-4092-4279-9dce-bdaa831c7932.json is not validated by /Users/ciwwwnd/Desktop/validation_json/task_folder/schema/label_selected.schema. The main reason: 'labels' is a required property.
WARNING: [2020-12-04 08:41:28,587] Event /Users/ciwwwnd/Desktop/validation_json/task_folder/event/e2d760c3-7e10-4464-ab22-7fda6b5e2562.json is not validated by /Users/ciwwwnd/Desktop/validation_json/task_folder/schema/label_selected.schema. The main reason: 'labels' is a required property.
WARNING: [2020-12-04 08:41:28,589] Event /Users/ciwwwnd/Desktop/validation_json/task_folder/event/c72d21cf-1152-4d8e-b649-e198149d5bbb.json is not validated by /Users/ciwwwnd/Desktop/validation_json/task_folder/schema/label_selected.schema. The main reason: 'labels' is a required property.
WARNING: [2020-12-04 08:41:28,590] Event /Users/ciwwwnd/Desktop/validation_json/task_folder/event/cc07e442-7986-4714-8fc2-ac2256690a90.json is not validated by /Users/ciwwwnd/Desktop/validation_json/task_folder/schema/label_selected.schema. The main reason: 'id' is a required property.
WARNING: [2020-12-04 08:41:28,592] Event /Users/ciwwwnd/Desktop/validation_json/task_folder/event/ba25151c-914f-4f47-909a-7a65a6339f34.json is not validated by /Users/ciwwwnd/Desktop/validation_json/task_folder/schema/label_selected.schema. The main reason: 'id' is a required property.
WARNING: [2020-12-04 08:41:28,593] Event /Users/ciwwwnd/Desktop/validation_json/task_folder/event/297e4dc6-07d1-420d-a5ae-e4aff3aedc19.json is not validated by /Users/ciwwwnd/Desktop/validation_json/task_folder/schema/label_selected.schema. The main reason: 'labels' is a required property.
WARNING: [2020-12-04 08:41:28,594] Event /Users/ciwwwnd/Desktop/validation_json/task_folder/event/ffe6b214-d543-40a8-8da3-deb0dc5bbd8c.json is not validated by /Users/ciwwwnd/Desktop/validation_json/task_folder/schema/label_selected.schema. The main reason: 'labels' is a required property.
WARNING: [2020-12-04 08:41:28,596] Event /Users/ciwwwnd/Desktop/validation_json/task_folder/event/1eba2aa1-2acf-460d-91e6-55a8c3e3b7a3.json is not validated by /Users/ciwwwnd/Desktop/validation_json/task_folder/schema/label_selected.schema. The main reason: 'id' is a required property.
WARNING: [2020-12-04 08:41:28,597] Event /Users/ciwwwnd/Desktop/validation_json/task_folder/event/3b4088ef-7521-4114-ac56-57c68632d431.json is not validated by /Users/ciwwwnd/Desktop/validation_json/task_folder/schema/label_selected.schema. The main reason: 'labels' is a required property.
WARNING: [2020-12-04 08:41:28,598] Event /Users/ciwwwnd/Desktop/validation_json/task_folder/event/3ade063d-d1b9-453f-85b4-dda7bfda4711.json is not validated by /Users/ciwwwnd/Desktop/validation_json/task_folder/schema/cmarker_created.schema. The main reason: 'cmarkers' is a required property.
WARNING: [2020-12-04 08:41:28,598] Event /Users/ciwwwnd/Desktop/validation_json/task_folder/event/f5656ff6-29e1-46b0-8d8a-ff77f9cc0953.json is not validated by /Users/ciwwwnd/Desktop/validation_json/task_folder/schema/cmarker_created.schema. The main reason: 'cmarkers' is a required property.
WARNING: [2020-12-04 08:41:28,599] Event /Users/ciwwwnd/Desktop/validation_json/task_folder/event/fb1a0854-9535-404d-9bdd-9ec0abb6cd6c.json is not validated by /Users/ciwwwnd/Desktop/validation_json/task_folder/schema/cmarker_created.schema. The main reason: 'cmarkers' is a required property.
WARNING: [2020-12-04 08:41:28,600] Event /Users/ciwwwnd/Desktop/validation_json/task_folder/event/bb998113-bc02-4cd1-9410-d9ae94f53eb0.json is not validated by /Users/ciwwwnd/Desktop/validation_json/task_folder/schema/cmarker_created.schema. The main reason: 'cmarkers' is a required property.
WARNING: [2020-12-04 08:41:28,600] Event /Users/ciwwwnd/Desktop/validation_json/task_folder/event/2e8ffd3c-dbda-42df-9901-b7a30869511a.json is not validated by /Users/ciwwwnd/Desktop/validation_json/task_folder/schema/cmarker_created.schema. The main reason: 'cmarkers' is a required property.
WARNING: [2020-12-04 08:41:28,601] Event /Users/ciwwwnd/Desktop/validation_json/task_folder/event/6b1984e5-4092-4279-9dce-bdaa831c7932.json is not validated by /Users/ciwwwnd/Desktop/validation_json/task_folder/schema/cmarker_created.schema. The main reason: 'cmarkers' is a required property.
WARNING: [2020-12-04 08:41:28,601] Event /Users/ciwwwnd/Desktop/validation_json/task_folder/event/e2d760c3-7e10-4464-ab22-7fda6b5e2562.json is not validated by /Users/ciwwwnd/Desktop/validation_json/task_folder/schema/cmarker_created.schema. The main reason: 'cmarkers' is a required property.
WARNING: [2020-12-04 08:41:28,602] Event /Users/ciwwwnd/Desktop/validation_json/task_folder/event/c72d21cf-1152-4d8e-b649-e198149d5bbb.json is not validated by /Users/ciwwwnd/Desktop/validation_json/task_folder/schema/cmarker_created.schema. The main reason: 'cmarkers' is a required property.
WARNING: [2020-12-04 08:41:28,603] Event /Users/ciwwwnd/Desktop/validation_json/task_folder/event/cc07e442-7986-4714-8fc2-ac2256690a90.json is not validated by /Users/ciwwwnd/Desktop/validation_json/task_folder/schema/cmarker_created.schema. The main reason: 'cmarkers' is a required property.
WARNING: [2020-12-04 08:41:28,603] Event /Users/ciwwwnd/Desktop/validation_json/task_folder/event/ba25151c-914f-4f47-909a-7a65a6339f34.json is not validated by /Users/ciwwwnd/Desktop/validation_json/task_folder/schema/cmarker_created.schema. The main reason: 'cmarkers' is a required property.
WARNING: [2020-12-04 08:41:28,604] Event /Users/ciwwwnd/Desktop/validation_json/task_folder/event/297e4dc6-07d1-420d-a5ae-e4aff3aedc19.json is not validated by /Users/ciwwwnd/Desktop/validation_json/task_folder/schema/cmarker_created.schema. The main reason: 'cmarkers' is a required property.
WARNING: [2020-12-04 08:41:28,605] Event /Users/ciwwwnd/Desktop/validation_json/task_folder/event/ffe6b214-d543-40a8-8da3-deb0dc5bbd8c.json is not validated by /Users/ciwwwnd/Desktop/validation_json/task_folder/schema/cmarker_created.schema. The main reason: 'cmarkers' is a required property.
WARNING: [2020-12-04 08:41:28,605] Event /Users/ciwwwnd/Desktop/validation_json/task_folder/event/1eba2aa1-2acf-460d-91e6-55a8c3e3b7a3.json is not validated by /Users/ciwwwnd/Desktop/validation_json/task_folder/schema/cmarker_created.schema. The main reason: 'cmarkers' is a required property.
WARNING: [2020-12-04 08:41:28,606] Event /Users/ciwwwnd/Desktop/validation_json/task_folder/event/3b4088ef-7521-4114-ac56-57c68632d431.json is not validated by /Users/ciwwwnd/Desktop/validation_json/task_folder/schema/cmarker_created.schema. The main reason: 'cmarkers' is a required property.
WARNING: [2020-12-04 08:41:28,607] Event /Users/ciwwwnd/Desktop/validation_json/task_folder/event/3ade063d-d1b9-453f-85b4-dda7bfda4711.json is not validated by /Users/ciwwwnd/Desktop/validation_json/task_folder/schema/workout_created.schema. The main reason: 'activity_name' is a required property.
WARNING: [2020-12-04 08:41:28,608] Event /Users/ciwwwnd/Desktop/validation_json/task_folder/event/f5656ff6-29e1-46b0-8d8a-ff77f9cc0953.json is not validated by /Users/ciwwwnd/Desktop/validation_json/task_folder/schema/workout_created.schema. The main reason: 'activity_name' is a required property.
WARNING: [2020-12-04 08:41:28,609] Event /Users/ciwwwnd/Desktop/validation_json/task_folder/event/fb1a0854-9535-404d-9bdd-9ec0abb6cd6c.json is not validated by /Users/ciwwwnd/Desktop/validation_json/task_folder/schema/workout_created.schema. The main reason: 'activity_name' is a required property.
WARNING: [2020-12-04 08:41:28,610] Event /Users/ciwwwnd/Desktop/validation_json/task_folder/event/bb998113-bc02-4cd1-9410-d9ae94f53eb0.json is not validated by /Users/ciwwwnd/Desktop/validation_json/task_folder/schema/workout_created.schema. The main reason: 'activity_name' is a required property.
WARNING: [2020-12-04 08:41:28,611] Event /Users/ciwwwnd/Desktop/validation_json/task_folder/event/2e8ffd3c-dbda-42df-9901-b7a30869511a.json is not validated by /Users/ciwwwnd/Desktop/validation_json/task_folder/schema/workout_created.schema. The main reason: 'activity_name' is a required property.
WARNING: [2020-12-04 08:41:28,613] Event /Users/ciwwwnd/Desktop/validation_json/task_folder/event/6b1984e5-4092-4279-9dce-bdaa831c7932.json is not validated by /Users/ciwwwnd/Desktop/validation_json/task_folder/schema/workout_created.schema. The main reason: 'activity_name' is a required property.
WARNING: [2020-12-04 08:41:28,614] Event /Users/ciwwwnd/Desktop/validation_json/task_folder/event/e2d760c3-7e10-4464-ab22-7fda6b5e2562.json is not validated by /Users/ciwwwnd/Desktop/validation_json/task_folder/schema/workout_created.schema. The main reason: 'activity_name' is a required property.
WARNING: [2020-12-04 08:41:28,615] Event /Users/ciwwwnd/Desktop/validation_json/task_folder/event/c72d21cf-1152-4d8e-b649-e198149d5bbb.json is not validated by /Users/ciwwwnd/Desktop/validation_json/task_folder/schema/workout_created.schema. The main reason: 'activity_name' is a required property.
WARNING: [2020-12-04 08:41:28,616] Event /Users/ciwwwnd/Desktop/validation_json/task_folder/event/cc07e442-7986-4714-8fc2-ac2256690a90.json is not validated by /Users/ciwwwnd/Desktop/validation_json/task_folder/schema/workout_created.schema. The main reason: 'activity_name' is a required property.
WARNING: [2020-12-04 08:41:28,617] Event /Users/ciwwwnd/Desktop/validation_json/task_folder/event/ba25151c-914f-4f47-909a-7a65a6339f34.json is not validated by /Users/ciwwwnd/Desktop/validation_json/task_folder/schema/workout_created.schema. The main reason: 'activity_name' is a required property.
WARNING: [2020-12-04 08:41:28,618] Event /Users/ciwwwnd/Desktop/validation_json/task_folder/event/297e4dc6-07d1-420d-a5ae-e4aff3aedc19.json is not validated by /Users/ciwwwnd/Desktop/validation_json/task_folder/schema/workout_created.schema. The main reason: 'activity_name' is a required property.
WARNING: [2020-12-04 08:41:28,619] Event /Users/ciwwwnd/Desktop/validation_json/task_folder/event/ffe6b214-d543-40a8-8da3-deb0dc5bbd8c.json is not validated by /Users/ciwwwnd/Desktop/validation_json/task_folder/schema/workout_created.schema. The main reason: 'activity_name' is a required property.
WARNING: [2020-12-04 08:41:28,620] Event /Users/ciwwwnd/Desktop/validation_json/task_folder/event/1eba2aa1-2acf-460d-91e6-55a8c3e3b7a3.json is not validated by /Users/ciwwwnd/Desktop/validation_json/task_folder/schema/workout_created.schema. The main reason: 'activity_name' is a required property.
WARNING: [2020-12-04 08:41:28,622] Event /Users/ciwwwnd/Desktop/validation_json/task_folder/event/3b4088ef-7521-4114-ac56-57c68632d431.json is not validated by /Users/ciwwwnd/Desktop/validation_json/task_folder/schema/workout_created.schema. The main reason: 'activity_name' is a required property.
